11:31:23 **** Incremental Build of configuration Debug for project Lab5 ****
make -j8 all 
arm-none-eabi-gcc "../Core/Src/stm32f1xx_it.c" -mcpu=cortex-m3 -std=gnu11 -g3 -DDEBUG -DUSE_HAL_DRIVER -DSTM32F103xE -c -I../Core/Inc -I../Drivers/STM32F1xx_HAL_Driver/Inc -I../Drivers/STM32F1xx_HAL_Driver/Inc/Legacy -I../Drivers/CMSIS/Device/ST/STM32F1xx/Include -I../Drivers/CMSIS/Include -O0 -ffunction-sections -fdata-sections -Wall -fstack-usage -MMD -MP -MF"Core/Src/stm32f1xx_it.d" -MT"Core/Src/stm32f1xx_it.o" --specs=nano.specs -mfloat-abi=soft -mthumb -o "Core/Src/stm32f1xx_it.o"
../Core/Src/stm32f1xx_it.c: In function 'HAL_TIM_PeriodElapsedCallback':
../Core/Src/stm32f1xx_it.c:219:21: error: 'LED0_GPIO_Port' undeclared (first use in this function); did you mean 'LED_GPIO_Port'?
  219 |  HAL_GPIO_TogglePin(LED0_GPIO_Port, LED0_Pin);
      |                     ^~~~~~~~~~~~~~
      |                     LED_GPIO_Port
../Core/Src/stm32f1xx_it.c:219:21: note: each undeclared identifier is reported only once for each function it appears in
../Core/Src/stm32f1xx_it.c:219:37: error: 'LED0_Pin' undeclared (first use in this function); did you mean 'LED_Pin'?
  219 |  HAL_GPIO_TogglePin(LED0_GPIO_Port, LED0_Pin);
      |                                     ^~~~~~~~
      |                                     LED_Pin
make: *** [Core/Src/subdir.mk:40: Core/Src/stm32f1xx_it.o] Error 1
"make -j8 all" terminated with exit code 2. Build might be incomplete.
11:31:53 **** Incremental Build of configuration Debug for project Lab5 ****
make -j8 all 
arm-none-eabi-gcc "../Core/Src/stm32f1xx_it.c" -mcpu=cortex-m3 -std=gnu11 -g3 -DDEBUG -DUSE_HAL_DRIVER -DSTM32F103xE -c -I../Core/Inc -I../Drivers/STM32F1xx_HAL_Driver/Inc -I../Drivers/STM32F1xx_HAL_Driver/Inc/Legacy -I../Drivers/CMSIS/Device/ST/STM32F1xx/Include -I../Drivers/CMSIS/Include -O0 -ffunction-sections -fdata-sections -Wall -fstack-usage -MMD -MP -MF"Core/Src/stm32f1xx_it.d" -MT"Core/Src/stm32f1xx_it.o" --specs=nano.specs -mfloat-abi=soft -mthumb -o "Core/Src/stm32f1xx_it.o"
../Core/Src/stm32f1xx_it.c: In function 'HAL_TIM_PeriodElapsedCallback':
../Core/Src/stm32f1xx_it.c:219:21: error: 'LED0_GPIO_Port' undeclared (first use in this function); did you mean 'LED_GPIO_Port'?
  219 |  HAL_GPIO_TogglePin(LED0_GPIO_Port, LED0_Pin);
      |                     ^~~~~~~~~~~~~~
      |                     LED_GPIO_Port
../Core/Src/stm32f1xx_it.c:219:21: note: each undeclared identifier is reported only once for each function it appears in
../Core/Src/stm32f1xx_it.c:219:37: error: 'LED0_Pin' undeclared (first use in this function); did you mean 'LED_Pin'?
  219 |  HAL_GPIO_TogglePin(LED0_GPIO_Port, LED0_Pin);
      |                                     ^~~~~~~~
      |                                     LED_Pin
make: *** [Core/Src/subdir.mk:40: Core/Src/stm32f1xx_it.o] Error 1
"make -j8 all" terminated with exit code 2. Build might be incomplete.
11:33:06 **** Incremental Build of configuration Debug for project Lab5 ****
make -j8 all 
arm-none-eabi-gcc "../Core/Src/stm32f1xx_it.c" -mcpu=cortex-m3 -std=gnu11 -g3 -DDEBUG -DUSE_HAL_DRIVER -DSTM32F103xE -c -I../Core/Inc -I../Drivers/STM32F1xx_HAL_Driver/Inc -I../Drivers/STM32F1xx_HAL_Driver/Inc/Legacy -I../Drivers/CMSIS/Device/ST/STM32F1xx/Include -I../Drivers/CMSIS/Include -O0 -ffunction-sections -fdata-sections -Wall -fstack-usage -MMD -MP -MF"Core/Src/stm32f1xx_it.d" -MT"Core/Src/stm32f1xx_it.o" --specs=nano.specs -mfloat-abi=soft -mthumb -o "Core/Src/stm32f1xx_it.o"
../Core/Src/stm32f1xx_it.c: In function 'HAL_TIM_PeriodElapsedCallback':
../Core/Src/stm32f1xx_it.c:219:21: error: 'LED0_GPIO_Port' undeclared (first use in this function); did you mean 'LED_GPIO_Port'?
  219 |  HAL_GPIO_TogglePin(LED0_GPIO_Port, LED0_Pin);
      |                     ^~~~~~~~~~~~~~
      |                     LED_GPIO_Port
../Core/Src/stm32f1xx_it.c:219:21: note: each undeclared identifier is reported only once for each function it appears in
../Core/Src/stm32f1xx_it.c:219:37: error: 'LED0_Pin' undeclared (first use in this function); did you mean 'LED_Pin'?
  219 |  HAL_GPIO_TogglePin(LED0_GPIO_Port, LED0_Pin);
      |                                     ^~~~~~~~
      |                                     LED_Pin
make: *** [Core/Src/subdir.mk:40: Core/Src/stm32f1xx_it.o] Error 1
"make -j8 all" terminated with exit code 2. Build might be incomplete.
11:33:20 **** Incremental Build of configuration Debug for project Lab5 ****
make -j8 all 
arm-none-eabi-gcc "../Core/Src/stm32f1xx_it.c" -mcpu=cortex-m3 -std=gnu11 -g3 -DDEBUG -DUSE_HAL_DRIVER -DSTM32F103xE -c -I../Core/Inc -I../Drivers/STM32F1xx_HAL_Driver/Inc -I../Drivers/STM32F1xx_HAL_Driver/Inc/Legacy -I../Drivers/CMSIS/Device/ST/STM32F1xx/Include -I../Drivers/CMSIS/Include -O0 -ffunction-sections -fdata-sections -Wall -fstack-usage -MMD -MP -MF"Core/Src/stm32f1xx_it.d" -MT"Core/Src/stm32f1xx_it.o" --specs=nano.specs -mfloat-abi=soft -mthumb -o "Core/Src/stm32f1xx_it.o"
arm-none-eabi-gcc -o "Lab5.elf" @"objects.list"   -mcpu=cortex-m3 -T"E:\SUSTech_Codes\CS301\STM32CubeIDE\workspace\Lab5\STM32F103RCTX_FLASH.ld" --specs=nosys.specs -Wl,-Map="Lab5.map" -Wl,--gc-sections -static --specs=nano.specs -mfloat-abi=soft -mthumb -Wl,--start-group -lc -lm -Wl,--end-group
d:\programs\st\stm32cubeide_1.7.0\stm32cubeide\plugins\com.st.stm32cube.ide.mcu.externaltools.gnu-tools-for-stm32.9-2020-q2-update.win32_2.0.0.202105311346\tools\arm-none-eabi\bin\ld.exe: ./Core/Src/main.o: in function `main':
E:/SUSTech_Codes/CS301/STM32CubeIDE/workspace/Lab5/Debug/../Core/Src/main.c:91: undefined reference to `MX_USART1_UART_Init'
d:\programs\st\stm32cubeide_1.7.0\stm32cubeide\plugins\com.st.stm32cube.ide.mcu.externaltools.gnu-tools-for-stm32.9-2020-q2-update.win32_2.0.0.202105311346\tools\arm-none-eabi\bin\ld.exe: E:/SUSTech_Codes/CS301/STM32CubeIDE/workspace/Lab5/Debug/../Core/Src/main.c:97: undefined reference to `htim3'
collect2.exe: error: ld returned 1 exit status
make: *** [makefile:65: Lab5.elf] Error 1
"make -j8 all" terminated with exit code 2. Build might be incomplete.
11:33:53 **** Incremental Build of configuration Debug for project Lab5 ****
make -j8 all 
arm-none-eabi-gcc -o "Lab5.elf" @"objects.list"   -mcpu=cortex-m3 -T"E:\SUSTech_Codes\CS301\STM32CubeIDE\workspace\Lab5\STM32F103RCTX_FLASH.ld" --specs=nosys.specs -Wl,-Map="Lab5.map" -Wl,--gc-sections -static --specs=nano.specs -mfloat-abi=soft -mthumb -Wl,--start-group -lc -lm -Wl,--end-group
d:\programs\st\stm32cubeide_1.7.0\stm32cubeide\plugins\com.st.stm32cube.ide.mcu.externaltools.gnu-tools-for-stm32.9-2020-q2-update.win32_2.0.0.202105311346\tools\arm-none-eabi\bin\ld.exe: ./Core/Src/main.o: in function `main':
E:/SUSTech_Codes/CS301/STM32CubeIDE/workspace/Lab5/Debug/../Core/Src/main.c:91: undefined reference to `MX_USART1_UART_Init'
d:\programs\st\stm32cubeide_1.7.0\stm32cubeide\plugins\com.st.stm32cube.ide.mcu.externaltools.gnu-tools-for-stm32.9-2020-q2-update.win32_2.0.0.202105311346\tools\arm-none-eabi\bin\ld.exe: E:/SUSTech_Codes/CS301/STM32CubeIDE/workspace/Lab5/Debug/../Core/Src/main.c:97: undefined reference to `htim3'
collect2.exe: error: ld returned 1 exit status
make: *** [makefile:65: Lab5.elf] Error 1
"make -j8 all" terminated with exit code 2. Build might be incomplete.
11:33:58 **** Incremental Build of configuration Debug for project Lab5 ****
make -j8 all 
arm-none-eabi-gcc "../Core/Src/main.c" -mcpu=cortex-m3 -std=gnu11 -g3 -DDEBUG -DUSE_HAL_DRIVER -DSTM32F103xE -c -I../Core/Inc -I../Drivers/STM32F1xx_HAL_Driver/Inc -I../Drivers/STM32F1xx_HAL_Driver/Inc/Legacy -I../Drivers/CMSIS/Device/ST/STM32F1xx/Include -I../Drivers/CMSIS/Include -O0 -ffunction-sections -fdata-sections -Wall -fstack-usage -MMD -MP -MF"Core/Src/main.d" -MT"Core/Src/main.o" --specs=nano.specs -mfloat-abi=soft -mthumb -o "Core/Src/main.o"
arm-none-eabi-gcc -o "Lab5.elf" @"objects.list"   -mcpu=cortex-m3 -T"E:\SUSTech_Codes\CS301\STM32CubeIDE\workspace\Lab5\STM32F103RCTX_FLASH.ld" --specs=nosys.specs -Wl,-Map="Lab5.map" -Wl,--gc-sections -static --specs=nano.specs -mfloat-abi=soft -mthumb -Wl,--start-group -lc -lm -Wl,--end-group
d:\programs\st\stm32cubeide_1.7.0\stm32cubeide\plugins\com.st.stm32cube.ide.mcu.externaltools.gnu-tools-for-stm32.9-2020-q2-update.win32_2.0.0.202105311346\tools\arm-none-eabi\bin\ld.exe: ./Core/Src/main.o: in function `main':
E:/SUSTech_Codes/CS301/STM32CubeIDE/workspace/Lab5/Debug/../Core/Src/main.c:97: undefined reference to `htim3'
collect2.exe: error: ld returned 1 exit status
make: *** [makefile:65: Lab5.elf] Error 1
"make -j8 all" terminated with exit code 2. Build might be incomplete.
11:35:32 **** Incremental Build of configuration Debug for project Lab5 ****
make -j8 all 
arm-none-eabi-gcc -o "Lab5.elf" @"objects.list"   -mcpu=cortex-m3 -T"E:\SUSTech_Codes\CS301\STM32CubeIDE\workspace\Lab5\STM32F103RCTX_FLASH.ld" --specs=nosys.specs -Wl,-Map="Lab5.map" -Wl,--gc-sections -static --specs=nano.specs -mfloat-abi=soft -mthumb -Wl,--start-group -lc -lm -Wl,--end-group
d:\programs\st\stm32cubeide_1.7.0\stm32cubeide\plugins\com.st.stm32cube.ide.mcu.externaltools.gnu-tools-for-stm32.9-2020-q2-update.win32_2.0.0.202105311346\tools\arm-none-eabi\bin\ld.exe: ./Core/Src/main.o: in function `main':
E:/SUSTech_Codes/CS301/STM32CubeIDE/workspace/Lab5/Debug/../Core/Src/main.c:97: undefined reference to `htim3'
collect2.exe: error: ld returned 1 exit status
make: *** [makefile:65: Lab5.elf] Error 1
"make -j8 all" terminated with exit code 2. Build might be incomplete.
11:36:15 **** Incremental Build of configuration Debug for project Lab5 ****
make -j8 all 
arm-none-eabi-gcc "../Core/Src/main.c" -mcpu=cortex-m3 -std=gnu11 -g3 -DDEBUG -DUSE_HAL_DRIVER -DSTM32F103xE -c -I../Core/Inc -I../Drivers/STM32F1xx_HAL_Driver/Inc -I../Drivers/STM32F1xx_HAL_Driver/Inc/Legacy -I../Drivers/CMSIS/Device/ST/STM32F1xx/Include -I../Drivers/CMSIS/Include -O0 -ffunction-sections -fdata-sections -Wall -fstack-usage -MMD -MP -MF"Core/Src/main.d" -MT"Core/Src/main.o" --specs=nano.specs -mfloat-abi=soft -mthumb -o "Core/Src/main.o"
arm-none-eabi-gcc -o "Lab5.elf" @"objects.list"   -mcpu=cortex-m3 -T"E:\SUSTech_Codes\CS301\STM32CubeIDE\workspace\Lab5\STM32F103RCTX_FLASH.ld" --specs=nosys.specs -Wl,-Map="Lab5.map" -Wl,--gc-sections -static --specs=nano.specs -mfloat-abi=soft -mthumb -Wl,--start-group -lc -lm -Wl,--end-group
d:\programs\st\stm32cubeide_1.7.0\stm32cubeide\plugins\com.st.stm32cube.ide.mcu.externaltools.gnu-tools-for-stm32.9-2020-q2-update.win32_2.0.0.202105311346\tools\arm-none-eabi\bin\ld.exe: ./Core/Src/main.o: in function `main':
E:/SUSTech_Codes/CS301/STM32CubeIDE/workspace/Lab5/Debug/../Core/Src/main.c:97: undefined reference to `htim3'
collect2.exe: error: ld returned 1 exit status
make: *** [makefile:65: Lab5.elf] Error 1
"make -j8 all" terminated with exit code 2. Build might be incomplete.
11:37:36 **** Incremental Build of configuration Debug for project Lab5 ****
make -j8 all 
arm-none-eabi-gcc "../Core/Src/main.c" -mcpu=cortex-m3 -std=gnu11 -g3 -DDEBUG -DUSE_HAL_DRIVER -DSTM32F103xE -c -I../Core/Inc -I../Drivers/STM32F1xx_HAL_Driver/Inc -I../Drivers/STM32F1xx_HAL_Driver/Inc/Legacy -I../Drivers/CMSIS/Device/ST/STM32F1xx/Include -I../Drivers/CMSIS/Include -O0 -ffunction-sections -fdata-sections -Wall -fstack-usage -MMD -MP -MF"Core/Src/main.d" -MT"Core/Src/main.o" --specs=nano.specs -mfloat-abi=soft -mthumb -o "Core/Src/main.o"
arm-none-eabi-gcc -o "Lab5.elf" @"objects.list"   -mcpu=cortex-m3 -T"E:\SUSTech_Codes\CS301\STM32CubeIDE\workspace\Lab5\STM32F103RCTX_FLASH.ld" --specs=nosys.specs -Wl,-Map="Lab5.map" -Wl,--gc-sections -static --specs=nano.specs -mfloat-abi=soft -mthumb -Wl,--start-group -lc -lm -Wl,--end-group
d:\programs\st\stm32cubeide_1.7.0\stm32cubeide\plugins\com.st.stm32cube.ide.mcu.externaltools.gnu-tools-for-stm32.9-2020-q2-update.win32_2.0.0.202105311346\tools\arm-none-eabi\bin\ld.exe: ./Core/Src/main.o: in function `main':
E:/SUSTech_Codes/CS301/STM32CubeIDE/workspace/Lab5/Debug/../Core/Src/main.c:97: undefined reference to `htim3'
collect2.exe: error: ld returned 1 exit status
make: *** [makefile:65: Lab5.elf] Error 1
"make -j8 all" terminated with exit code 2. Build might be incomplete.
11:39:02 **** Incremental Build of configuration Debug for project Lab5 ****
make -j8 all 
arm-none-eabi-gcc -o "Lab5.elf" @"objects.list"   -mcpu=cortex-m3 -T"E:\SUSTech_Codes\CS301\STM32CubeIDE\workspace\Lab5\STM32F103RCTX_FLASH.ld" --specs=nosys.specs -Wl,-Map="Lab5.map" -Wl,--gc-sections -static --specs=nano.specs -mfloat-abi=soft -mthumb -Wl,--start-group -lc -lm -Wl,--end-group
d:\programs\st\stm32cubeide_1.7.0\stm32cubeide\plugins\com.st.stm32cube.ide.mcu.externaltools.gnu-tools-for-stm32.9-2020-q2-update.win32_2.0.0.202105311346\tools\arm-none-eabi\bin\ld.exe: ./Core/Src/main.o: in function `main':
E:/SUSTech_Codes/CS301/STM32CubeIDE/workspace/Lab5/Debug/../Core/Src/main.c:97: undefined reference to `htim3'
collect2.exe: error: ld returned 1 exit status
make: *** [makefile:65: Lab5.elf] Error 1
"make -j8 all" terminated with exit code 2. Build might be incomplete.
11:39:41 **** Incremental Build of configuration Debug for project Lab5 ****
make -j8 all 
arm-none-eabi-gcc "../Core/Src/main.c" -mcpu=cortex-m3 -std=gnu11 -g3 -DDEBUG -DUSE_HAL_DRIVER -DSTM32F103xE -c -I../Core/Inc -I../Drivers/STM32F1xx_HAL_Driver/Inc -I../Drivers/STM32F1xx_HAL_Driver/Inc/Legacy -I../Drivers/CMSIS/Device/ST/STM32F1xx/Include -I../Drivers/CMSIS/Include -O0 -ffunction-sections -fdata-sections -Wall -fstack-usage -MMD -MP -MF"Core/Src/main.d" -MT"Core/Src/main.o" --specs=nano.specs -mfloat-abi=soft -mthumb -o "Core/Src/main.o"
../Core/Src/main.c: In function 'main':
../Core/Src/main.c:90:3: warning: implicit declaration of function 'MX_USART1_UART_Init' [-Wimplicit-function-declaration]
   90 |   MX_USART1_UART_Init();
      |   ^~~~~~~~~~~~~~~~~~~
arm-none-eabi-gcc -o "Lab5.elf" @"objects.list"   -mcpu=cortex-m3 -T"E:\SUSTech_Codes\CS301\STM32CubeIDE\workspace\Lab5\STM32F103RCTX_FLASH.ld" --specs=nosys.specs -Wl,-Map="Lab5.map" -Wl,--gc-sections -static --specs=nano.specs -mfloat-abi=soft -mthumb -Wl,--start-group -lc -lm -Wl,--end-group
d:\programs\st\stm32cubeide_1.7.0\stm32cubeide\plugins\com.st.stm32cube.ide.mcu.externaltools.gnu-tools-for-stm32.9-2020-q2-update.win32_2.0.0.202105311346\tools\arm-none-eabi\bin\ld.exe: ./Core/Src/main.o: in function `main':
E:/SUSTech_Codes/CS301/STM32CubeIDE/workspace/Lab5/Debug/../Core/Src/main.c:90: undefined reference to `MX_USART1_UART_Init'
collect2.exe: error: ld returned 1 exit status
make: *** [makefile:65: Lab5.elf] Error 1
"make -j8 all" terminated with exit code 2. Build might be incomplete.
11:39:56 **** Incremental Build of configuration Debug for project Lab5 ****
make -j8 all 
arm-none-eabi-gcc "../Core/Src/main.c" -mcpu=cortex-m3 -std=gnu11 -g3 -DDEBUG -DUSE_HAL_DRIVER -DSTM32F103xE -c -I../Core/Inc -I../Drivers/STM32F1xx_HAL_Driver/Inc -I../Drivers/STM32F1xx_HAL_Driver/Inc/Legacy -I../Drivers/CMSIS/Device/ST/STM32F1xx/Include -I../Drivers/CMSIS/Include -O0 -ffunction-sections -fdata-sections -Wall -fstack-usage -MMD -MP -MF"Core/Src/main.d" -MT"Core/Src/main.o" --specs=nano.specs -mfloat-abi=soft -mthumb -o "Core/Src/main.o"
arm-none-eabi-gcc -o "Lab5.elf" @"objects.list"   -mcpu=cortex-m3 -T"E:\SUSTech_Codes\CS301\STM32CubeIDE\workspace\Lab5\STM32F103RCTX_FLASH.ld" --specs=nosys.specs -Wl,-Map="Lab5.map" -Wl,--gc-sections -static --specs=nano.specs -mfloat-abi=soft -mthumb -Wl,--start-group -lc -lm -Wl,--end-group
Finished building target: Lab5.elf
 
arm-none-eabi-size   Lab5.elf 
arm-none-eabi-objdump -h -S  Lab5.elf  > "Lab5.list"
arm-none-eabi-objcopy  -O binary  Lab5.elf  "Lab5.bin"
   text	   data	    bss	    dec	    hex	filename
   7340	     20	   1644	   9004	   232c	Lab5.elf
Finished building: default.size.stdout
 
Finished building: Lab5.bin
Finished building: Lab5.list
 
 
11:40:18 **** Incremental Build of configuration Debug for project Lab5 ****
make -j8 all 
arm-none-eabi-size   Lab5.elf 
   text	   data	    bss	    dec	    hex	filename
   7340	     20	   1644	   9004	   232c	Lab5.elf
Finished building: default.size.stdout
 
11:40:54 **** Incremental Build of configuration Debug for project Lab5 ****
make -j8 all 
arm-none-eabi-size   Lab5.elf 
   text	   data	    bss	    dec	    hex	filename
   7340	     20	   1644	   9004	   232c	Lab5.elf
Finished building: default.size.stdout
 
